==9256== Memcheck, a memory error detector
==9256== Copyright (C) 2002-2022, and GNU GPL'd, by Julian Seward et al.
==9256== Using Valgrind-3.22.0 and LibVEX; rerun with -h for copyright info
==9256== Command: ./minishell
==9256== Parent PID: 8921
==9256== 
==9256== 
==9256== FILE DESCRIPTORS: 10 open (3 std) at exit.
==9256== Open file descriptor 5: /dev/pts/4
==9256==    at 0x49CB93B: dup (syscall-template.S:120)
==9256==    by 0x10AC92: save_stdio (executor_io.c:21)
==9256==    by 0x10AB3C: execute_command (executor.c:45)
==9256==    by 0x109826: execute_parsed_ast (handle_input.c:51)
==9256==    by 0x1096F6: handle_input (handle_input.c:18)
==9256==    by 0x109540: main (main.c:17)
==9256== 
==9256== Open file descriptor 4: /dev/pts/4
==9256==    at 0x49CB93B: dup (syscall-template.S:120)
==9256==    by 0x10AC82: save_stdio (executor_io.c:20)
==9256==    by 0x10AB3C: execute_command (executor.c:45)
==9256==    by 0x109826: execute_parsed_ast (handle_input.c:51)
==9256==    by 0x1096F6: handle_input (handle_input.c:18)
==9256==    by 0x109540: main (main.c:17)
==9256== 
==9256== Open file descriptor 22: /home/diwi/.cursor-server/data/logs/20241129T093750/remoteagent.log
==9256==    <inherited from parent>
==9256== 
==9256== Open file descriptor 21: /home/diwi/.cursor-server/data/logs/20241129T093750/network.log
==9256==    <inherited from parent>
==9256== 
==9256== Open file descriptor 20: /home/diwi/.cursor-server/data/logs/20241129T093750/ptyhost.log
==9256==    <inherited from parent>
==9256== 
==9256== Open file descriptor 18: /dev/urandom
==9256==    <inherited from parent>
==9256== 
==9256== Open file descriptor 3: /home/diwi/finalminishell/output.log
==9256==    <inherited from parent>
==9256== 
==9256== 
==9256== HEAP SUMMARY:
==9256==     in use at exit: 232,938 bytes in 241 blocks
==9256==   total heap usage: 718 allocs, 477 frees, 270,484 bytes allocated
==9256== 
==9256== 5 bytes in 1 blocks are still reachable in loss record 2 of 81
==9256==    at 0x4846828: malloc (in /usr/libexec/valgrind/vgpreload_memcheck-amd64-linux.so)
==9256==    by 0x10D2B8: ft_strdup (in /home/diwi/finalminishell/minishell)
==9256==    by 0x10A860: parse_command (parser_command.c:17)
==9256==    by 0x10A390: parse_pipeline (parser.c:13)
==9256==    by 0x10A372: ft_parser (parser.c:5)
==9256==    by 0x1097F8: parse_input (handle_input.c:46)
==9256==    by 0x1096D8: handle_input (handle_input.c:15)
==9256==    by 0x109540: main (main.c:17)
==9256== 
==9256== 5 bytes in 1 blocks are still reachable in loss record 3 of 81
==9256==    at 0x4846828: malloc (in /usr/libexec/valgrind/vgpreload_memcheck-amd64-linux.so)
==9256==    by 0x10D2B8: ft_strdup (in /home/diwi/finalminishell/minishell)
==9256==    by 0x10CC02: build_argv (utils.c:41)
==9256==    by 0x10AFD9: execute_simple_command (executor_command.c:65)
==9256==    by 0x10AAA1: execute_command_node (executor.c:26)
==9256==    by 0x10ABE1: execute_command (executor.c:54)
==9256==    by 0x109826: execute_parsed_ast (handle_input.c:51)
==9256==    by 0x1096F6: handle_input (handle_input.c:18)
==9256==    by 0x109540: main (main.c:17)
==9256== 
==9256== 16 bytes in 1 blocks are still reachable in loss record 15 of 81
==9256==    at 0x4846828: malloc (in /usr/libexec/valgrind/vgpreload_memcheck-amd64-linux.so)
==9256==    by 0x10CB9C: build_argv (utils.c:33)
==9256==    by 0x10AFD9: execute_simple_command (executor_command.c:65)
==9256==    by 0x10AAA1: execute_command_node (executor.c:26)
==9256==    by 0x10ABE1: execute_command (executor.c:54)
==9256==    by 0x109826: execute_parsed_ast (handle_input.c:51)
==9256==    by 0x1096F6: handle_input (handle_input.c:18)
==9256==    by 0x109540: main (main.c:17)
==9256== 
==9256== 40 bytes in 1 blocks are still reachable in loss record 22 of 81
==9256==    at 0x4846828: malloc (in /usr/libexec/valgrind/vgpreload_memcheck-amd64-linux.so)
==9256==    by 0x10A4C2: create_ast_node (ast.c:7)
==9256==    by 0x10A86D: parse_command (parser_command.c:17)
==9256==    by 0x10A390: parse_pipeline (parser.c:13)
==9256==    by 0x10A372: ft_parser (parser.c:5)
==9256==    by 0x1097F8: parse_input (handle_input.c:46)
==9256==    by 0x1096D8: handle_input (handle_input.c:15)
==9256==    by 0x109540: main (main.c:17)
==9256== 
==9256== LEAK SUMMARY:
==9256==    definitely lost: 0 bytes in 0 blocks
==9256==    indirectly lost: 0 bytes in 0 blocks
==9256==      possibly lost: 0 bytes in 0 blocks
==9256==    still reachable: 66 bytes in 4 blocks
==9256==         suppressed: 232,872 bytes in 237 blocks
==9256== 
==9256== For lists of detected and suppressed errors, rerun with: -s
==9256== ERROR SUMMARY: 0 errors from 0 contexts (suppressed: 0 from 0)
